Arguments: 
  /usr/local/Cellar/node/11.1.0/bin/node /usr/local/bin/yarn add

PATH: 
  /Users/arjunkava/anaconda3/bin:/usr/local/bin:/usr/bin:/bin:/usr/sbin:/sbin:/Users/arjunkava/anaconda3/bin

Yarn version: 
  1.12.3

Node version: 
  11.1.0

Platform: 
  darwin x64

Trace: 
  SyntaxError: /Volumes/multimedia/zujo-team/full-stack-examples/2-express-graphql/package.json: Unexpected token S in JSON at position 0
      at JSON.parse (<anonymous>)
      at /usr/local/lib/node_modules/yarn/lib/cli.js:1631:59
      at Generator.next (<anonymous>)
      at step (/usr/local/lib/node_modules/yarn/lib/cli.js:304:30)
      at /usr/local/lib/node_modules/yarn/lib/cli.js:315:13

npm manifest: 
  Skip to content
   
  Search or jump to…
  
  Pull requests
  Issues
  Marketplace
  Explore
   @arjun-kava Sign out
  3
  42 11 atherosai/express-graphql-demo
   Code  Issues 1  Pull requests 0  Projects 0  Wiki  Insights
  express-graphql-demo/package.json
  6daf4d9  on 27 Jul 2017
  @a7v8x a7v8x refactor($graphql)
       
  37 lines (36 sloc)  985 Bytes
  {
    "name": "graphql-express-demo",
    "version": "1.0.0",
    "description": "graphql express demo for testing",
    "main": "index.js",
    "scripts": {
      "test": "echo \"Error: no test specified\" && exit 1",
      "dev": "nodemon -w server/ --exec 'NODE_ENV=development node server/'",
      "start": "NODE_ENV=production node server/"
    },
    "keywords": [
      "graphql",
      "express"
    ],
    "author": "David Mráz <david.mraz@gmail.com>",
    "license": "ISC",
    "dependencies": {
      "babel-polyfill": "^6.23.0",
      "babel-register": "^6.24.1",
      "express": "^4.15.3",
      "express-graphql": "^0.6.6",
      "faker": "^4.1.0",
      "graphql": "^0.10.3",
      "validator": "^8.0.0"
    },
    "devDependencies": {
      "babel-eslint": "^7.2.3",
      "babel-preset-airbnb": "^2.4.0",
      "babel-preset-es2015": "^6.24.1",
      "babel-preset-stage-0": "^6.24.1",
      "eslint": "^4.1.1",
      "eslint-config-airbnb-base": "^11.2.0",
      "eslint-plugin-import": "^2.7.0",
      "nodemon": "^1.11.0"
    }
  }
  © 2019 GitHub, Inc.
  Terms
  Privacy
  Security
  Status
  Help
  Contact GitHub
  Pricing
  API
  Training
  Blog
  About
  Press h to open a hovercard with more details.

yarn manifest: 
  No manifest

Lockfile: 
  No lockfile
